<?xml version="1.0" encoding="UTF-8" ?>
<testsuite tests="4" failures="0" name="be.nancy.myproject.CalculatorTestCase" time="0.277" errors="0" skipped="0">
  <properties>
[...]
</properties>
  <testcase classname="be.nancy.myproject.CalculatorTestCase" name="zeroIsAbsorbing[0]" time="0.276"/>
  <testcase classname="be.nancy.myproject.CalculatorTestCase" name="multiplicationOfNegativeNumbersIsPositive[0]" time="0.001"/>
  <testcase classname="be.nancy.myproject.CalculatorTestCase" name="multiplicationOfTwoFactorsYieldsProductOfFactors[0]" time="0"/>
  <testcase classname="be.nancy.myproject.CalculatorTestCase" name="oneIsNeutral[0]" time="0"/>
</testsuite>